<?xml version="1.0" encoding="UTF-8"?>
<!-- Generated by org.testng.reporters.JUnitReportReporter -->
<testsuite skipped="0" hostname="DESKTOP-HG9LLBB" name="TestNG.Asssignment" tests="1" failures="0" timestamp="2019-10-20T08:41:29 EDT" time="5.258" errors="0">
  <testcase name="f" time="5.258" classname="TestNG.Asssignment"/>
</testsuite> <!-- TestNG.Asssignment -->
