<?xml version="1.0" encoding="UTF-8"?>
<!-- Generated by org.testng.reporters.JUnitReportReporter -->
<testsuite skipped="0" hostname="DESKTOP-HG9LLBB" name="TestNG.Assign2" tests="1" failures="0" timestamp="2019-10-20T09:11:46 EDT" time="6.959" errors="0">
  <testcase name="f" time="6.959" classname="TestNG.Assign2"/>
</testsuite> <!-- TestNG.Assign2 -->
